<beans xmlns="http://www.springframework.org/schema/beans"
   xmlns:context="http://www.springframework.org/schema/context"
   xmlns:tx="http://www.springframework.org/schema/tx"
   xmlns:xsi="http://www.w3.org/2001/XMLSchema-instance"
   xsi:schemaLocation="
    http://www.springframework.org/schema/beans
    http://www.springframework.org/schema/beans/spring-beans-3.0.xsd
    http://www.springframework.org/schema/context
    http://www.springframework.org/schema/context/spring-context-3.0.xsd
    http://www.springframework.org/schema/tx
    http://www.springframework.org/schema/tx/spring-tx-3.1.xsd">

   <context:annotation-config/>
   <tx:annotation-driven/> 
   
	<!-- Database Configuration -->
	<import resource="../database/test-DataSource.xml"/>
	<import resource="../database/test-Hibernate.xml"/>
	
	<!-- Auto scan the components -->
	<context:component-scan base-package="com.mkyong.stock" />
</beans>